./do_nciso_comt1_summary: line 5: print: command not found
SLF4J: Failed to load class "org.slf4j.impl.StaticLoggerBinder".
SLF4J: Defaulting to no-operation (NOP) logger implementation
SLF4J: See http://www.slf4j.org/codes.html#StaticLoggerBinder for further details.
opendap.dap.DAP2Exception: Method failed:HTTP/1.1 403 Forbidden on URL= http://comt.sura.org/thredds/dodsC/data/comt_1_archive/inundation_tropical/VIMS_SELFE/Hurricane_Ike_3D_final_run_with_waves.dods?wwm_15[0:1:1007][0:1:592760]
	at opendap.dap.DConnect2.openConnection(DConnect2.java:271)
	at opendap.dap.DConnect2.getData(DConnect2.java:826)
	at opendap.dap.DConnect2.getData(DConnect2.java:1116)
	at ucar.nc2.dods.DODSNetcdfFile.readDataDDSfromServer(DODSNetcdfFile.java:1485)
	at ucar.nc2.dods.DODSNetcdfFile.readData(DODSNetcdfFile.java:1656)
	at ucar.nc2.Variable.reallyRead(Variable.java:841)
	at ucar.nc2.Variable._read(Variable.java:813)
	at ucar.nc2.Variable.read(Variable.java:691)
	at ucar.nc2.dataset.VariableDS.reallyRead(VariableDS.java:519)
	at ucar.nc2.dataset.VariableDS._read(VariableDS.java:503)
	at ucar.nc2.Variable.read(Variable.java:691)
	at thredds.server.metadata.util.ThreddsExtentUtil.doGetExtent(ThreddsExtentUtil.java:142)
	at thredds.server.metadata.util.ThreddsExtentUtil.getExtent(ThreddsExtentUtil.java:356)
	at thredds.server.metadata.util.ThreddsExtentUtil.doGetExtent(ThreddsExtentUtil.java:62)
	at thredds.server.metadata.util.ThreddsExtentUtil.getExtent(ThreddsExtentUtil.java:340)
	at gov.noaa.eds.service.WafService.generateNcml(WafService.java:77)
	at gov.noaa.eds.controller.ServiceController.createWaf(ServiceController.java:47)
	at gov.noaa.eds.controller.ServiceController.createWafTds(ServiceController.java:76)
	at gov.noaa.eds.controller.ServiceController.main(ServiceController.java:187)
opendap.dap.DAP2Exception: opendap.dap.DAP2Exception: Method failed:HTTP/1.1 403 Forbidden on URL= http://comt.sura.org/thredds/dodsC/data/comt_1_archive/inundation_tropical/VIMS_SELFE/Hurricane_Ike_3D_final_run_with_waves.dods?wwm_15[0:1:1007][0:1:592760]
	at opendap.dap.DConnect2.openConnection(DConnect2.java:308)
	at opendap.dap.DConnect2.getData(DConnect2.java:826)
	at opendap.dap.DConnect2.getData(DConnect2.java:1116)
	at ucar.nc2.dods.DODSNetcdfFile.readDataDDSfromServer(DODSNetcdfFile.java:1485)
	at ucar.nc2.dods.DODSNetcdfFile.readData(DODSNetcdfFile.java:1656)
	at ucar.nc2.Variable.reallyRead(Variable.java:841)
	at ucar.nc2.Variable._read(Variable.java:813)
	at ucar.nc2.Variable.read(Variable.java:691)
	at ucar.nc2.dataset.VariableDS.reallyRead(VariableDS.java:519)
	at ucar.nc2.dataset.VariableDS._read(VariableDS.java:503)
	at ucar.nc2.Variable.read(Variable.java:691)
	at thredds.server.metadata.util.ThreddsExtentUtil.doGetExtent(ThreddsExtentUtil.java:142)
	at thredds.server.metadata.util.ThreddsExtentUtil.getExtent(ThreddsExtentUtil.java:356)
	at thredds.server.metadata.util.ThreddsExtentUtil.doGetExtent(ThreddsExtentUtil.java:62)
	at thredds.server.metadata.util.ThreddsExtentUtil.getExtent(ThreddsExtentUtil.java:340)
	at gov.noaa.eds.service.WafService.generateNcml(WafService.java:77)
	at gov.noaa.eds.controller.ServiceController.createWaf(ServiceController.java:47)
	at gov.noaa.eds.controller.ServiceController.createWafTds(ServiceController.java:76)
	at gov.noaa.eds.controller.ServiceController.main(ServiceController.java:187)
Caused by: opendap.dap.DAP2Exception: Method failed:HTTP/1.1 403 Forbidden on URL= http://comt.sura.org/thredds/dodsC/data/comt_1_archive/inundation_tropical/VIMS_SELFE/Hurricane_Ike_3D_final_run_with_waves.dods?wwm_15[0:1:1007][0:1:592760]
	at opendap.dap.DConnect2.openConnection(DConnect2.java:271)
	... 18 more
opendap.dap.DAP2Exception: Method failed:HTTP/1.1 403 Forbidden on URL= http://comt.sura.org/thredds/dodsC/data/comt_1_archive/inundation_tropical/VIMS_SELFE/Hurricane_Rita_3D_final_run_with_waves.dods?wwm_15[0:1:1295][0:1:592760]
	at opendap.dap.DConnect2.openConnection(DConnect2.java:271)
	at opendap.dap.DConnect2.getData(DConnect2.java:826)
	at opendap.dap.DConnect2.getData(DConnect2.java:1116)
	at ucar.nc2.dods.DODSNetcdfFile.readDataDDSfromServer(DODSNetcdfFile.java:1485)
	at ucar.nc2.dods.DODSNetcdfFile.readData(DODSNetcdfFile.java:1656)
	at ucar.nc2.Variable.reallyRead(Variable.java:841)
	at ucar.nc2.Variable._read(Variable.java:813)
	at ucar.nc2.Variable.read(Variable.java:691)
	at ucar.nc2.dataset.VariableDS.reallyRead(VariableDS.java:519)
	at ucar.nc2.dataset.VariableDS._read(VariableDS.java:503)
	at ucar.nc2.Variable.read(Variable.java:691)
	at thredds.server.metadata.util.ThreddsExtentUtil.doGetExtent(ThreddsExtentUtil.java:142)
	at thredds.server.metadata.util.ThreddsExtentUtil.getExtent(ThreddsExtentUtil.java:356)
	at thredds.server.metadata.util.ThreddsExtentUtil.doGetExtent(ThreddsExtentUtil.java:62)
	at thredds.server.metadata.util.ThreddsExtentUtil.getExtent(ThreddsExtentUtil.java:340)
	at gov.noaa.eds.service.WafService.generateNcml(WafService.java:77)
	at gov.noaa.eds.controller.ServiceController.createWaf(ServiceController.java:47)
	at gov.noaa.eds.controller.ServiceController.createWafTds(ServiceController.java:76)
	at gov.noaa.eds.controller.ServiceController.main(ServiceController.java:187)
opendap.dap.DAP2Exception: opendap.dap.DAP2Exception: Method failed:HTTP/1.1 403 Forbidden on URL= http://comt.sura.org/thredds/dodsC/data/comt_1_archive/inundation_tropical/VIMS_SELFE/Hurricane_Rita_3D_final_run_with_waves.dods?wwm_15[0:1:1295][0:1:592760]
	at opendap.dap.DConnect2.openConnection(DConnect2.java:308)
	at opendap.dap.DConnect2.getData(DConnect2.java:826)
	at opendap.dap.DConnect2.getData(DConnect2.java:1116)
	at ucar.nc2.dods.DODSNetcdfFile.readDataDDSfromServer(DODSNetcdfFile.java:1485)
	at ucar.nc2.dods.DODSNetcdfFile.readData(DODSNetcdfFile.java:1656)
	at ucar.nc2.Variable.reallyRead(Variable.java:841)
	at ucar.nc2.Variable._read(Variable.java:813)
	at ucar.nc2.Variable.read(Variable.java:691)
	at ucar.nc2.dataset.VariableDS.reallyRead(VariableDS.java:519)
	at ucar.nc2.dataset.VariableDS._read(VariableDS.java:503)
	at ucar.nc2.Variable.read(Variable.java:691)
	at thredds.server.metadata.util.ThreddsExtentUtil.doGetExtent(ThreddsExtentUtil.java:142)
	at thredds.server.metadata.util.ThreddsExtentUtil.getExtent(ThreddsExtentUtil.java:356)
	at thredds.server.metadata.util.ThreddsExtentUtil.doGetExtent(ThreddsExtentUtil.java:62)
	at thredds.server.metadata.util.ThreddsExtentUtil.getExtent(ThreddsExtentUtil.java:340)
	at gov.noaa.eds.service.WafService.generateNcml(WafService.java:77)
	at gov.noaa.eds.controller.ServiceController.createWaf(ServiceController.java:47)
	at gov.noaa.eds.controller.ServiceController.createWafTds(ServiceController.java:76)
	at gov.noaa.eds.controller.ServiceController.main(ServiceController.java:187)
Caused by: opendap.dap.DAP2Exception: Method failed:HTTP/1.1 403 Forbidden on URL= http://comt.sura.org/thredds/dodsC/data/comt_1_archive/inundation_tropical/VIMS_SELFE/Hurricane_Rita_3D_final_run_with_waves.dods?wwm_15[0:1:1295][0:1:592760]
	at opendap.dap.DConnect2.openConnection(DConnect2.java:271)
	... 18 more
opendap.dap.DAP2Exception: HTTP/1.1 404 Not Found: http://comt.sura.org/thredds/dodsC/data/comt_1_archive/inundation_extratropical/UMASS_FVCOM/2005_3D_final_run_without_waves.dds
	at opendap.dap.DConnect2.openConnection(DConnect2.java:263)
	at opendap.dap.DConnect2.getDDS(DConnect2.java:563)
	at opendap.dap.DConnect2.getDDS(DConnect2.java:537)
	at ucar.nc2.dods.DODSNetcdfFile.<init>(DODSNetcdfFile.java:240)
	at sun.reflect.GeneratedConstructorAccessor3.newInstance(Unknown Source)
	at sun.reflect.DelegatingConstructorAccessorImpl.newInstance(DelegatingConstructorAccessorImpl.java:45)
	at java.lang.reflect.Constructor.newInstance(Constructor.java:526)
	at ucar.nc2.dataset.NetcdfDataset.openDodsByReflection(NetcdfDataset.java:1031)
	at ucar.nc2.dataset.NetcdfDataset.acquireDODS(NetcdfDataset.java:980)
	at ucar.nc2.dataset.NetcdfDataset.openOrAcquireFile(NetcdfDataset.java:664)
	at ucar.nc2.dataset.NetcdfDataset.openDataset(NetcdfDataset.java:421)
	at ucar.nc2.dataset.NetcdfDataset.openDataset(NetcdfDataset.java:404)
	at ucar.nc2.dataset.NetcdfDataset.openDataset(NetcdfDataset.java:389)
	at ucar.nc2.dataset.NetcdfDataset.openDataset(NetcdfDataset.java:376)
	at thredds.server.metadata.util.ThreddsTranslatorUtil.doGetNcml(ThreddsTranslatorUtil.java:109)
	at thredds.server.metadata.util.ThreddsTranslatorUtil.getNcml(ThreddsTranslatorUtil.java:103)
	at gov.noaa.eds.service.WafService.generateNcml(WafService.java:73)
	at gov.noaa.eds.controller.ServiceController.createWaf(ServiceController.java:47)
	at gov.noaa.eds.controller.ServiceController.createWafTds(ServiceController.java:76)
	at gov.noaa.eds.controller.ServiceController.main(ServiceController.java:187)
opendap.dap.DAP2Exception: opendap.dap.DAP2Exception: HTTP/1.1 404 Not Found: http://comt.sura.org/thredds/dodsC/data/comt_1_archive/inundation_extratropical/UMASS_FVCOM/2005_3D_final_run_without_waves.dds
	at opendap.dap.DConnect2.openConnection(DConnect2.java:308)
	at opendap.dap.DConnect2.getDDS(DConnect2.java:563)
	at opendap.dap.DConnect2.getDDS(DConnect2.java:537)
	at ucar.nc2.dods.DODSNetcdfFile.<init>(DODSNetcdfFile.java:240)
	at sun.reflect.GeneratedConstructorAccessor3.newInstance(Unknown Source)
	at sun.reflect.DelegatingConstructorAccessorImpl.newInstance(DelegatingConstructorAccessorImpl.java:45)
	at java.lang.reflect.Constructor.newInstance(Constructor.java:526)
	at ucar.nc2.dataset.NetcdfDataset.openDodsByReflection(NetcdfDataset.java:1031)
	at ucar.nc2.dataset.NetcdfDataset.acquireDODS(NetcdfDataset.java:980)
	at ucar.nc2.dataset.NetcdfDataset.openOrAcquireFile(NetcdfDataset.java:664)
	at ucar.nc2.dataset.NetcdfDataset.openDataset(NetcdfDataset.java:421)
	at ucar.nc2.dataset.NetcdfDataset.openDataset(NetcdfDataset.java:404)
	at ucar.nc2.dataset.NetcdfDataset.openDataset(NetcdfDataset.java:389)
	at ucar.nc2.dataset.NetcdfDataset.openDataset(NetcdfDataset.java:376)
	at thredds.server.metadata.util.ThreddsTranslatorUtil.doGetNcml(ThreddsTranslatorUtil.java:109)
	at thredds.server.metadata.util.ThreddsTranslatorUtil.getNcml(ThreddsTranslatorUtil.java:103)
	at gov.noaa.eds.service.WafService.generateNcml(WafService.java:73)
	at gov.noaa.eds.controller.ServiceController.createWaf(ServiceController.java:47)
	at gov.noaa.eds.controller.ServiceController.createWafTds(ServiceController.java:76)
	at gov.noaa.eds.controller.ServiceController.main(ServiceController.java:187)
Caused by: opendap.dap.DAP2Exception: HTTP/1.1 404 Not Found: http://comt.sura.org/thredds/dodsC/data/comt_1_archive/inundation_extratropical/UMASS_FVCOM/2005_3D_final_run_without_waves.dds
	at opendap.dap.DConnect2.openConnection(DConnect2.java:263)
	... 19 more
